Drill report for CHRP400.kicad_pcb
Created on 2023 March 30, Thursday 00:17:46

Copper Layer Stackup:
    =============================================================
    L1 :  F.Cu                      front
    L2 :  B.Cu                      back


Drill file 'CHRP400.drl' contains
    plated through holes:
    =============================================================
    T1  0.381mm  0.0150"  (11 holes)
    T2  0.400mm  0.0157"  (16 holes)
    T3  0.600mm  0.0236"  (4 holes)  (with 4 slots)
    T4  0.800mm  0.0315"  (106 holes)
    T5  0.900mm  0.0354"  (27 holes)
    T6  1.000mm  0.0394"  (34 holes)
    T7  1.100mm  0.0433"  (23 holes)
    T8  1.200mm  0.0472"  (2 holes)
    T9  1.300mm  0.0512"  (6 holes)
    T10  3.200mm  0.1260"  (6 holes)

    Total plated holes count 235


Not plated through holes are merged with plated holes
    unplated through holes:
    =============================================================
    T11  3.500mm  0.1378"  (1 hole)

    Total unplated holes count 1
